# JRE version: Java(TM) SE Runtime Environment (21.0.1+12) (build 21.0.1+12-LTS-29)
# Java VM: Java HotSpot(TM) 64-Bit Server VM (21.0.1+12-LTS-29, mixed mode, emulated-client, sharing, tiered, compressed oops, compressed class ptrs, g1 gc, windows-amd64)
GC Precious Log:
 CardTable entry size: 512
 Card Set container configuration: InlinePtr #cards 5 size 8 Array Of Cards #cards 12 size 40 Howl #buckets 4 coarsen threshold 1843 Howl Bitmap #cards 512 size 80 coarsen threshold 460 Card regions per heap region 1 cards per card region 2048
 CPUs: 8 total, 8 available
 Memory: 7996M
 Large Page Support: Disabled
 NUMA Support: Disabled
 Compressed Oops: Enabled (32-bit)
 Heap Region Size: 1M
 Heap Min Capacity: 8M
 Heap Initial Capacity: 126M
 Heap Max Capacity: 2000M
 Pre-touch: Disabled
 Parallel Workers: 8
 Concurrent Workers: 2
 Concurrent Refinement Workers: 8
 Periodic GC: Disabled
Heap:
 garbage-first heap   total 216064K, used 148392K [0x0000000083000000, 0x0000000100000000)
  region size 1024K, 66 young (67584K), 9 survivors (9216K)
 Metaspace       used 69530K, committed 70208K, reserved 1114112K
  class space    used 9184K, committed 9472K, reserved 1048576K
GC Heap History (20 events):
Event: 12.126 GC heap before
{Heap before GC invocations=29 (full 0):
 garbage-first heap   total 216064K, used 206364K [0x0000000083000000, 0x0000000100000000)
  region size 1024K, 113 young (115712K), 6 survivors (6144K)
 Metaspace       used 43710K, committed 44224K, reserved 1114112K
  class space    used 5934K, committed 6144K, reserved 1048576K
}
Event: 12.130 GC heap after
{Heap after GC invocations=30 (full 0):
 garbage-first heap   total 216064K, used 86488K [0x0000000083000000, 0x0000000100000000)
  region size 1024K, 6 young (6144K), 6 survivors (6144K)
 Metaspace       used 43710K, committed 44224K, reserved 1114112K
  class space    used 5934K, committed 6144K, reserved 1048576K
}
Event: 12.203 GC heap before
{Heap before GC invocations=30 (full 0):
 garbage-first heap   total 216064K, used 100824K [0x0000000083000000, 0x0000000100000000)
  region size 1024K, 21 young (21504K), 6 survivors (6144K)
 Metaspace       used 43710K, committed 44224K, reserved 1114112K
  class space    used 5934K, committed 6144K, reserved 1048576K
}
Event: 12.208 GC heap after
{Heap after GC invocations=31 (full 0):
 garbage-first heap   total 216064K, used 86337K [0x0000000083000000, 0x0000000100000000)
  region size 1024K, 6 young (6144K), 6 survivors (6144K)
 Metaspace       used 43710K, committed 44224K, reserved 1114112K
  class space    used 5934K, committed 6144K, reserved 1048576K
}
Event: 12.690 GC heap before
{Heap before GC invocations=32 (full 0):
 garbage-first heap   total 216064K, used 203073K [0x0000000083000000, 0x0000000100000000)
  region size 1024K, 114 young (116736K), 6 survivors (6144K)
 Metaspace       used 43718K, committed 44288K, reserved 1114112K
  class space    used 5937K, committed 6144K, reserved 1048576K
}
Event: 12.694 GC heap after
{Heap after GC invocations=33 (full 0):
 garbage-first heap   total 216064K, used 86488K [0x0000000083000000, 0x0000000100000000)
  region size 1024K, 6 young (6144K), 6 survivors (6144K)
 Metaspace       used 43718K, committed 44288K, reserved 1114112K
  class space    used 5937K, committed 6144K, reserved 1048576K
}
Event: 13.109 GC heap before
{Heap before GC invocations=33 (full 0):
 garbage-first heap   total 216064K, used 196056K [0x0000000083000000, 0x0000000100000000)
  region size 1024K, 114 young (116736K), 6 survivors (6144K)
 Metaspace       used 43718K, committed 44288K, reserved 1114112K
  class space    used 5937K, committed 6144K, reserved 1048576K
}
Event: 13.114 GC heap after
{Heap after GC invocations=34 (full 0):
 garbage-first heap   total 216064K, used 86588K [0x0000000083000000, 0x0000000100000000)
  region size 1024K, 7 young (7168K), 7 survivors (7168K)
 Metaspace       used 43718K, committed 44288K, reserved 1114112K
  class space    used 5937K, committed 6144K, reserved 1048576K
}
Event: 13.543 GC heap before
{Heap before GC invocations=34 (full 0):
 garbage-first heap   total 216064K, used 196156K [0x0000000083000000, 0x0000000100000000)
  region size 1024K, 114 young (116736K), 7 survivors (7168K)
 Metaspace       used 43718K, committed 44288K, reserved 1114112K
  class space    used 5937K, committed 6144K, reserved 1048576K
}
Event: 13.547 GC heap after
{Heap after GC invocations=35 (full 0):
 garbage-first heap   total 216064K, used 87237K [0x0000000083000000, 0x0000000100000000)
  region size 1024K, 8 young (8192K), 8 survivors (8192K)
 Metaspace       used 43718K, committed 44288K, reserved 1114112K
  class space    used 5937K, committed 6144K, reserved 1048576K
}
Event: 13.960 GC heap before
{Heap before GC invocations=36 (full 0):
 garbage-first heap   total 216064K, used 194757K [0x0000000083000000, 0x0000000100000000)
  region size 1024K, 113 young (115712K), 8 survivors (8192K)
 Metaspace       used 43718K, committed 44288K, reserved 1114112K
  class space    used 5937K, committed 6144K, reserved 1048576K
}
Event: 13.964 GC heap after
{Heap after GC invocations=37 (full 0):
 garbage-first heap   total 216064K, used 86728K [0x0000000083000000, 0x0000000100000000)
  region size 1024K, 7 young (7168K), 7 survivors (7168K)
 Metaspace       used 43718K, committed 44288K, reserved 1114112K
  class space    used 5937K, committed 6144K, reserved 1048576K
}
Event: 14.819 GC heap before
{Heap before GC invocations=37 (full 0):
 garbage-first heap   total 216064K, used 196296K [0x0000000083000000, 0x0000000100000000)
  region size 1024K, 114 young (116736K), 7 survivors (7168K)
 Metaspace       used 47011K, committed 47552K, reserved 1114112K
  class space    used 6507K, committed 6720K, reserved 1048576K
}
Event: 14.824 GC heap after
{Heap after GC invocations=38 (full 0):
 garbage-first heap   total 216064K, used 86437K [0x0000000083000000, 0x0000000100000000)
  region size 1024K, 8 young (8192K), 8 survivors (8192K)
 Metaspace       used 47011K, committed 47552K, reserved 1114112K
  class space    used 6507K, committed 6720K, reserved 1048576K
}
Event: 16.276 GC heap before
{Heap before GC invocations=38 (full 0):
 garbage-first heap   total 216064K, used 193957K [0x0000000083000000, 0x0000000100000000)
  region size 1024K, 113 young (115712K), 8 survivors (8192K)
 Metaspace       used 51414K, committed 52032K, reserved 1114112K
  class space    used 7102K, committed 7360K, reserved 1048576K
}
Event: 16.282 GC heap after
{Heap after GC invocations=39 (full 0):
 garbage-first heap   total 216064K, used 88179K [0x0000000083000000, 0x0000000100000000)
  region size 1024K, 9 young (9216K), 9 survivors (9216K)
 Metaspace       used 51414K, committed 52032K, reserved 1114112K
  class space    used 7102K, committed 7360K, reserved 1048576K
}
Event: 16.511 GC heap before
{Heap before GC invocations=40 (full 0):
 garbage-first heap   total 216064K, used 192627K [0x0000000083000000, 0x0000000100000000)
  region size 1024K, 112 young (114688K), 9 survivors (9216K)
 Metaspace       used 51416K, committed 52032K, reserved 1114112K
  class space    used 7102K, committed 7360K, reserved 1048576K
}
Event: 16.516 GC heap after
{Heap after GC invocations=41 (full 0):
 garbage-first heap   total 216064K, used 88251K [0x0000000083000000, 0x0000000100000000)
  region size 1024K, 6 young (6144K), 6 survivors (6144K)
 Metaspace       used 51416K, committed 52032K, reserved 1114112K
  class space    used 7102K, committed 7360K, reserved 1048576K
}
Event: 19.900 GC heap before
{Heap before GC invocations=41 (full 0):
 garbage-first heap   total 216064K, used 196795K [0x0000000083000000, 0x0000000100000000)
  region size 1024K, 112 young (114688K), 6 survivors (6144K)
 Metaspace       used 59840K, committed 60480K, reserved 1114112K
  class space    used 8117K, committed 8384K, reserved 1048576K
}
Event: 19.907 GC heap after
{Heap after GC invocations=42 (full 0):
 garbage-first heap   total 216064K, used 91048K [0x0000000083000000, 0x0000000100000000)
  region size 1024K, 9 young (9216K), 9 survivors (9216K)
 Metaspace       used 59840K, committed 60480K, reserved 1114112K
  class space    used 8117K, committed 8384K, reserved 1048576K
}

